INFO 2025-11-29 11:29:29,519 autoreload Watching for file changes with StatReloader
INFO 2025-11-29 11:29:51,390 autoreload C:\Users\savat\OneDrive\Documents\Issue_Tracker\issue_tracker_app\apps.py changed, reloading.
INFO 2025-11-29 11:29:52,019 autoreload Watching for file changes with StatReloader
INFO 2025-11-29 11:30:15,888 autoreload C:\Users\savat\OneDrive\Documents\Issue_Tracker\manage.py changed, reloading.
INFO 2025-11-29 11:30:16,505 autoreload Watching for file changes with StatReloader
INFO 2025-11-29 11:35:13,615 autoreload Watching for file changes with StatReloader
INFO 2025-11-29 11:37:01,355 autoreload C:\Users\savat\OneDrive\Documents\Issue_Tracker\issue_tracker_app\apps.py changed, reloading.
INFO 2025-11-29 11:37:01,752 autoreload C:\Users\savat\OneDrive\Documents\Issue_Tracker\issue_tracker_app\apps.py changed, reloading.
INFO 2025-11-29 11:37:01,988 autoreload Watching for file changes with StatReloader
INFO 2025-11-29 11:37:02,315 autoreload Watching for file changes with StatReloader
INFO 2025-11-29 11:37:25,876 autoreload C:\Users\savat\OneDrive\Documents\Issue_Tracker\issue_tracker_app\apps.py changed, reloading.
INFO 2025-11-29 11:37:26,131 autoreload C:\Users\savat\OneDrive\Documents\Issue_Tracker\issue_tracker_app\apps.py changed, reloading.
INFO 2025-11-29 11:37:26,454 autoreload Watching for file changes with StatReloader
INFO 2025-11-29 11:37:26,671 autoreload Watching for file changes with StatReloader
INFO 2025-11-29 11:38:57,143 autoreload Watching for file changes with StatReloader
INFO 2025-11-29 11:41:01,543 autoreload Watching for file changes with StatReloader
INFO 2025-11-29 11:42:01,617 autoreload Watching for file changes with StatReloader
INFO 2025-11-29 11:43:02,398 autoreload C:\Users\savat\OneDrive\Documents\Issue_Tracker\issue_tracker_app\utils.py changed, reloading.
INFO 2025-11-29 11:43:02,937 autoreload Watching for file changes with StatReloader
INFO 2025-11-29 11:43:22,369 autoreload Watching for file changes with StatReloader
INFO 2025-11-29 11:44:33,401 autoreload C:\Users\savat\OneDrive\Documents\Issue_Tracker\issue_tracker_app\utils.py changed, reloading.
INFO 2025-11-29 11:44:33,448 autoreload C:\Users\savat\OneDrive\Documents\Issue_Tracker\issue_tracker_app\utils.py changed, reloading.
INFO 2025-11-29 11:44:33,985 autoreload Watching for file changes with StatReloader
INFO 2025-11-29 11:44:34,028 autoreload Watching for file changes with StatReloader
INFO 2025-11-29 11:44:37,305 autoreload C:\Users\savat\OneDrive\Documents\Issue_Tracker\issue_tracker_app\utils.py changed, reloading.
INFO 2025-11-29 11:44:37,335 autoreload C:\Users\savat\OneDrive\Documents\Issue_Tracker\issue_tracker_app\utils.py changed, reloading.
INFO 2025-11-29 11:44:37,936 autoreload Watching for file changes with StatReloader
INFO 2025-11-29 11:44:37,957 autoreload Watching for file changes with StatReloader
INFO 2025-11-29 11:44:49,204 autoreload Watching for file changes with StatReloader
INFO 2025-11-29 11:45:32,570 autoreload C:\Users\savat\OneDrive\Documents\Issue_Tracker\issue_tracker_app\utils.py changed, reloading.
INFO 2025-11-29 11:45:32,576 autoreload C:\Users\savat\OneDrive\Documents\Issue_Tracker\issue_tracker_app\utils.py changed, reloading.
INFO 2025-11-29 11:45:33,136 autoreload Watching for file changes with StatReloader
INFO 2025-11-29 11:45:33,136 autoreload Watching for file changes with StatReloader
INFO 2025-11-29 11:45:37,484 autoreload C:\Users\savat\OneDrive\Documents\Issue_Tracker\issue_tracker_app\utils.py changed, reloading.
INFO 2025-11-29 11:45:37,506 autoreload C:\Users\savat\OneDrive\Documents\Issue_Tracker\issue_tracker_app\utils.py changed, reloading.
INFO 2025-11-29 11:45:38,047 autoreload Watching for file changes with StatReloader
INFO 2025-11-29 11:45:38,052 autoreload Watching for file changes with StatReloader
INFO 2025-11-29 11:45:49,242 autoreload Watching for file changes with StatReloader
INFO 2025-11-29 11:46:29,547 autoreload C:\Users\savat\OneDrive\Documents\Issue_Tracker\issue_tracker_app\utils.py changed, reloading.
INFO 2025-11-29 11:46:29,551 autoreload C:\Users\savat\OneDrive\Documents\Issue_Tracker\issue_tracker_app\utils.py changed, reloading.
INFO 2025-11-29 11:46:30,123 autoreload Watching for file changes with StatReloader
INFO 2025-11-29 11:46:30,123 autoreload Watching for file changes with StatReloader
INFO 2025-11-29 11:46:31,434 autoreload C:\Users\savat\OneDrive\Documents\Issue_Tracker\issue_tracker_app\utils.py changed, reloading.
INFO 2025-11-29 11:46:31,437 autoreload C:\Users\savat\OneDrive\Documents\Issue_Tracker\issue_tracker_app\utils.py changed, reloading.
INFO 2025-11-29 11:46:32,134 autoreload Watching for file changes with StatReloader
INFO 2025-11-29 11:46:32,134 autoreload Watching for file changes with StatReloader
INFO 2025-11-29 11:46:47,824 autoreload C:\Users\savat\OneDrive\Documents\Issue_Tracker\issue_tracker_app\utils.py changed, reloading.
INFO 2025-11-29 11:46:47,829 autoreload C:\Users\savat\OneDrive\Documents\Issue_Tracker\issue_tracker_app\utils.py changed, reloading.
INFO 2025-11-29 11:46:48,396 autoreload Watching for file changes with StatReloader
INFO 2025-11-29 11:46:48,397 autoreload Watching for file changes with StatReloader
ERROR 2025-11-29 11:46:52,952 log Internal Server Error: /
Traceback (most recent call last):
  File "C:\Users\savat\OneDrive\Documents\Issue_Tracker\venv\Lib\site-packages\django\contrib\sessions\backends\base.py", line 187, in _get_session
    return self._session_cache
           ^^^^^^^^^^^^^^^^^^^
AttributeError: 'SessionStore' object has no attribute '_session_cache'

During handling of the above exception, another exception occurred:

Traceback (most recent call last):
  File "C:\Users\savat\OneDrive\Documents\Issue_Tracker\venv\Lib\site-packages\django\db\backends\utils.py", line 89, in _execute
    return self.cursor.execute(sql, params)
           ^^^^^^^^^^^^^^^^^^^^^^^^^^^^^^^^
  File "C:\Users\savat\OneDrive\Documents\Issue_Tracker\venv\Lib\site-packages\django\db\backends\sqlite3\base.py", line 328, in execute
    return super().execute(query, params)
           ^^^^^^^^^^^^^^^^^^^^^^^^^^^^^^
sqlite3.OperationalError: no such table: django_session

The above exception was the direct cause of the following exception:

Traceback (most recent call last):
  File "C:\Users\savat\OneDrive\Documents\Issue_Tracker\venv\Lib\site-packages\django\core\handlers\exception.py", line 55, in inner
    response = get_response(request)
               ^^^^^^^^^^^^^^^^^^^^^
  File "C:\Users\savat\OneDrive\Documents\Issue_Tracker\venv\Lib\site-packages\django\core\handlers\base.py", line 197, in _get_response
    response = wrapped_callback(request, *callback_args, **callback_kwargs)
               ^^^^^^^^^^^^^^^^^^^^^^^^^^^^^^^^^^^^^^^^^^^^^^^^^^^^^^^^^^^^
  File "C:\Users\savat\OneDrive\Documents\Issue_Tracker\venv\Lib\site-packages\django\contrib\auth\decorators.py", line 22, in _wrapper_view
    if test_func(request.user):
       ^^^^^^^^^^^^^^^^^^^^^^^
  File "C:\Users\savat\OneDrive\Documents\Issue_Tracker\venv\Lib\site-packages\django\contrib\auth\decorators.py", line 51, in <lambda>
    lambda u: u.is_authenticated,
              ^^^^^^^^^^^^^^^^^^
  File "C:\Users\savat\OneDrive\Documents\Issue_Tracker\venv\Lib\site-packages\django\utils\functional.py", line 266, in inner
    self._setup()
  File "C:\Users\savat\OneDrive\Documents\Issue_Tracker\venv\Lib\site-packages\django\utils\functional.py", line 419, in _setup
    self._wrapped = self._setupfunc()
                    ^^^^^^^^^^^^^^^^^
  File "C:\Users\savat\OneDrive\Documents\Issue_Tracker\venv\Lib\site-packages\django\contrib\auth\middleware.py", line 25, in <lambda>
    request.user = SimpleLazyObject(lambda: get_user(request))
                                            ^^^^^^^^^^^^^^^^^
  File "C:\Users\savat\OneDrive\Documents\Issue_Tracker\venv\Lib\site-packages\django\contrib\auth\middleware.py", line 11, in get_user
    request._cached_user = auth.get_user(request)
                           ^^^^^^^^^^^^^^^^^^^^^^
  File "C:\Users\savat\OneDrive\Documents\Issue_Tracker\venv\Lib\site-packages\django\contrib\auth\__init__.py", line 191, in get_user
    user_id = _get_user_session_key(request)
              ^^^^^^^^^^^^^^^^^^^^^^^^^^^^^^
  File "C:\Users\savat\OneDrive\Documents\Issue_Tracker\venv\Lib\site-packages\django\contrib\auth\__init__.py", line 60, in _get_user_session_key
    return get_user_model()._meta.pk.to_python(request.session[SESSION_KEY])
                                               ~~~~~~~~~~~~~~~^^^^^^^^^^^^^
  File "C:\Users\savat\OneDrive\Documents\Issue_Tracker\venv\Lib\site-packages\django\contrib\sessions\backends\base.py", line 53, in __getitem__
    return self._session[key]
           ^^^^^^^^^^^^^
  File "C:\Users\savat\OneDrive\Documents\Issue_Tracker\venv\Lib\site-packages\django\contrib\sessions\backends\base.py", line 192, in _get_session
    self._session_cache = self.load()
                          ^^^^^^^^^^^
  File "C:\Users\savat\OneDrive\Documents\Issue_Tracker\venv\Lib\site-packages\django\contrib\sessions\backends\db.py", line 42, in load
    s = self._get_session_from_db()
        ^^^^^^^^^^^^^^^^^^^^^^^^^^^
  File "C:\Users\savat\OneDrive\Documents\Issue_Tracker\venv\Lib\site-packages\django\contrib\sessions\backends\db.py", line 32, in _get_session_from_db
    return self.model.objects.get(
           ^^^^^^^^^^^^^^^^^^^^^^^
  File "C:\Users\savat\OneDrive\Documents\Issue_Tracker\venv\Lib\site-packages\django\db\models\manager.py", line 87, in manager_method
    return getattr(self.get_queryset(), name)(*args, **kwargs)
           ^^^^^^^^^^^^^^^^^^^^^^^^^^^^^^^^^^^^^^^^^^^^^^^^^^^
  File "C:\Users\savat\OneDrive\Documents\Issue_Tracker\venv\Lib\site-packages\django\db\models\query.py", line 635, in get
    num = len(clone)
          ^^^^^^^^^^
  File "C:\Users\savat\OneDrive\Documents\Issue_Tracker\venv\Lib\site-packages\django\db\models\query.py", line 382, in __len__
    self._fetch_all()
  File "C:\Users\savat\OneDrive\Documents\Issue_Tracker\venv\Lib\site-packages\django\db\models\query.py", line 1886, in _fetch_all
    self._result_cache = list(self._iterable_class(self))
                         ^^^^^^^^^^^^^^^^^^^^^^^^^^^^^^^^
  File "C:\Users\savat\OneDrive\Documents\Issue_Tracker\venv\Lib\site-packages\django\db\models\query.py", line 93, in __iter__
    results = compiler.execute_sql(
              ^^^^^^^^^^^^^^^^^^^^^
  File "C:\Users\savat\OneDrive\Documents\Issue_Tracker\venv\Lib\site-packages\django\db\models\sql\compiler.py", line 1562, in execute_sql
    cursor.execute(sql, params)
  File "C:\Users\savat\OneDrive\Documents\Issue_Tracker\venv\Lib\site-packages\django\db\backends\utils.py", line 102, in execute
    return super().execute(sql, params)
           ^^^^^^^^^^^^^^^^^^^^^^^^^^^^
  File "C:\Users\savat\OneDrive\Documents\Issue_Tracker\venv\Lib\site-packages\django\db\backends\utils.py", line 67, in execute
    return self._execute_with_wrappers(
           ^^^^^^^^^^^^^^^^^^^^^^^^^^^^
  File "C:\Users\savat\OneDrive\Documents\Issue_Tracker\venv\Lib\site-packages\django\db\backends\utils.py", line 80, in _execute_with_wrappers
    return executor(sql, params, many, context)
           ^^^^^^^^^^^^^^^^^^^^^^^^^^^^^^^^^^^^
  File "C:\Users\savat\OneDrive\Documents\Issue_Tracker\venv\Lib\site-packages\django\db\backends\utils.py", line 84, in _execute
    with self.db.wrap_database_errors:
  File "C:\Users\savat\OneDrive\Documents\Issue_Tracker\venv\Lib\site-packages\django\db\utils.py", line 91, in __exit__
    raise dj_exc_value.with_traceback(traceback) from exc_value
  File "C:\Users\savat\OneDrive\Documents\Issue_Tracker\venv\Lib\site-packages\django\db\backends\utils.py", line 89, in _execute
    return self.cursor.execute(sql, params)
           ^^^^^^^^^^^^^^^^^^^^^^^^^^^^^^^^
  File "C:\Users\savat\OneDrive\Documents\Issue_Tracker\venv\Lib\site-packages\django\db\backends\sqlite3\base.py", line 328, in execute
    return super().execute(query, params)
           ^^^^^^^^^^^^^^^^^^^^^^^^^^^^^^
django.db.utils.OperationalError: no such table: django_session
ERROR 2025-11-29 11:46:53,018 log Internal Server Error: /
Traceback (most recent call last):
  File "C:\Users\savat\OneDrive\Documents\Issue_Tracker\venv\Lib\site-packages\django\contrib\sessions\backends\base.py", line 187, in _get_session
    return self._session_cache
           ^^^^^^^^^^^^^^^^^^^
AttributeError: 'SessionStore' object has no attribute '_session_cache'

During handling of the above exception, another exception occurred:

Traceback (most recent call last):
  File "C:\Users\savat\OneDrive\Documents\Issue_Tracker\venv\Lib\site-packages\django\db\backends\utils.py", line 89, in _execute
    return self.cursor.execute(sql, params)
           ^^^^^^^^^^^^^^^^^^^^^^^^^^^^^^^^
  File "C:\Users\savat\OneDrive\Documents\Issue_Tracker\venv\Lib\site-packages\django\db\backends\sqlite3\base.py", line 328, in execute
    return super().execute(query, params)
           ^^^^^^^^^^^^^^^^^^^^^^^^^^^^^^
sqlite3.OperationalError: no such table: django_session

The above exception was the direct cause of the following exception:

Traceback (most recent call last):
  File "C:\Users\savat\OneDrive\Documents\Issue_Tracker\venv\Lib\site-packages\django\core\handlers\exception.py", line 55, in inner
    response = get_response(request)
               ^^^^^^^^^^^^^^^^^^^^^
  File "C:\Users\savat\OneDrive\Documents\Issue_Tracker\venv\Lib\site-packages\django\utils\deprecation.py", line 136, in __call__
    response = self.process_response(request, response)
               ^^^^^^^^^^^^^^^^^^^^^^^^^^^^^^^^^^^^^^^^
  File "C:\Users\savat\OneDrive\Documents\Issue_Tracker\venv\Lib\site-packages\django\contrib\sessions\middleware.py", line 48, in process_response
    if request.session.get_expire_at_browser_close():
       ^^^^^^^^^^^^^^^^^^^^^^^^^^^^^^^^^^^^^^^^^^^^^
  File "C:\Users\savat\OneDrive\Documents\Issue_Tracker\venv\Lib\site-packages\django\contrib\sessions\backends\base.py", line 285, in get_expire_at_browser_close
    if (expiry := self.get("_session_expiry")) is None:
                  ^^^^^^^^^^^^^^^^^^^^^^^^^^^
  File "C:\Users\savat\OneDrive\Documents\Issue_Tracker\venv\Lib\site-packages\django\contrib\sessions\backends\base.py", line 68, in get
    return self._session.get(key, default)
           ^^^^^^^^^^^^^
  File "C:\Users\savat\OneDrive\Documents\Issue_Tracker\venv\Lib\site-packages\django\contrib\sessions\backends\base.py", line 192, in _get_session
    self._session_cache = self.load()
                          ^^^^^^^^^^^
  File "C:\Users\savat\OneDrive\Documents\Issue_Tracker\venv\Lib\site-packages\django\contrib\sessions\backends\db.py", line 42, in load
    s = self._get_session_from_db()
        ^^^^^^^^^^^^^^^^^^^^^^^^^^^
  File "C:\Users\savat\OneDrive\Documents\Issue_Tracker\venv\Lib\site-packages\django\contrib\sessions\backends\db.py", line 32, in _get_session_from_db
    return self.model.objects.get(
           ^^^^^^^^^^^^^^^^^^^^^^^
  File "C:\Users\savat\OneDrive\Documents\Issue_Tracker\venv\Lib\site-packages\django\db\models\manager.py", line 87, in manager_method
    return getattr(self.get_queryset(), name)(*args, **kwargs)
           ^^^^^^^^^^^^^^^^^^^^^^^^^^^^^^^^^^^^^^^^^^^^^^^^^^^
  File "C:\Users\savat\OneDrive\Documents\Issue_Tracker\venv\Lib\site-packages\django\db\models\query.py", line 635, in get
    num = len(clone)
          ^^^^^^^^^^
  File "C:\Users\savat\OneDrive\Documents\Issue_Tracker\venv\Lib\site-packages\django\db\models\query.py", line 382, in __len__
    self._fetch_all()
  File "C:\Users\savat\OneDrive\Documents\Issue_Tracker\venv\Lib\site-packages\django\db\models\query.py", line 1886, in _fetch_all
    self._result_cache = list(self._iterable_class(self))
                         ^^^^^^^^^^^^^^^^^^^^^^^^^^^^^^^^
  File "C:\Users\savat\OneDrive\Documents\Issue_Tracker\venv\Lib\site-packages\django\db\models\query.py", line 93, in __iter__
    results = compiler.execute_sql(
              ^^^^^^^^^^^^^^^^^^^^^
  File "C:\Users\savat\OneDrive\Documents\Issue_Tracker\venv\Lib\site-packages\django\db\models\sql\compiler.py", line 1562, in execute_sql
    cursor.execute(sql, params)
  File "C:\Users\savat\OneDrive\Documents\Issue_Tracker\venv\Lib\site-packages\django\db\backends\utils.py", line 102, in execute
    return super().execute(sql, params)
           ^^^^^^^^^^^^^^^^^^^^^^^^^^^^
  File "C:\Users\savat\OneDrive\Documents\Issue_Tracker\venv\Lib\site-packages\django\db\backends\utils.py", line 67, in execute
    return self._execute_with_wrappers(
           ^^^^^^^^^^^^^^^^^^^^^^^^^^^^
  File "C:\Users\savat\OneDrive\Documents\Issue_Tracker\venv\Lib\site-packages\django\db\backends\utils.py", line 80, in _execute_with_wrappers
    return executor(sql, params, many, context)
           ^^^^^^^^^^^^^^^^^^^^^^^^^^^^^^^^^^^^
  File "C:\Users\savat\OneDrive\Documents\Issue_Tracker\venv\Lib\site-packages\django\db\backends\utils.py", line 84, in _execute
    with self.db.wrap_database_errors:
  File "C:\Users\savat\OneDrive\Documents\Issue_Tracker\venv\Lib\site-packages\django\db\utils.py", line 91, in __exit__
    raise dj_exc_value.with_traceback(traceback) from exc_value
  File "C:\Users\savat\OneDrive\Documents\Issue_Tracker\venv\Lib\site-packages\django\db\backends\utils.py", line 89, in _execute
    return self.cursor.execute(sql, params)
           ^^^^^^^^^^^^^^^^^^^^^^^^^^^^^^^^
  File "C:\Users\savat\OneDrive\Documents\Issue_Tracker\venv\Lib\site-packages\django\db\backends\sqlite3\base.py", line 328, in execute
    return super().execute(query, params)
           ^^^^^^^^^^^^^^^^^^^^^^^^^^^^^^
django.db.utils.OperationalError: no such table: django_session
ERROR 2025-11-29 11:46:53,022 basehttp "GET / HTTP/1.1" 500 167025
INFO 2025-11-29 11:48:02,556 autoreload C:\Users\savat\OneDrive\Documents\Issue_Tracker\issue_tracker\settings.py changed, reloading.
INFO 2025-11-29 11:48:03,008 autoreload C:\Users\savat\OneDrive\Documents\Issue_Tracker\issue_tracker\settings.py changed, reloading.
INFO 2025-11-29 11:48:03,038 autoreload C:\Users\savat\OneDrive\Documents\Issue_Tracker\issue_tracker\settings.py changed, reloading.
INFO 2025-11-29 11:48:03,241 autoreload C:\Users\savat\OneDrive\Documents\Issue_Tracker\issue_tracker\settings.py changed, reloading.
INFO 2025-11-29 11:48:03,399 autoreload Watching for file changes with StatReloader
INFO 2025-11-29 11:48:03,978 autoreload Watching for file changes with StatReloader
INFO 2025-11-29 11:48:04,041 autoreload Watching for file changes with StatReloader
INFO 2025-11-29 11:48:04,248 autoreload Watching for file changes with StatReloader
INFO 2025-11-29 11:48:10,633 autoreload C:\Users\savat\OneDrive\Documents\Issue_Tracker\issue_tracker\settings.py changed, reloading.
INFO 2025-11-29 11:48:10,666 autoreload C:\Users\savat\OneDrive\Documents\Issue_Tracker\issue_tracker\settings.py changed, reloading.
INFO 2025-11-29 11:48:10,844 autoreload C:\Users\savat\OneDrive\Documents\Issue_Tracker\issue_tracker\settings.py changed, reloading.
INFO 2025-11-29 11:48:11,194 autoreload C:\Users\savat\OneDrive\Documents\Issue_Tracker\issue_tracker\settings.py changed, reloading.
INFO 2025-11-29 11:48:11,352 autoreload Watching for file changes with StatReloader
INFO 2025-11-29 11:48:11,357 autoreload Watching for file changes with StatReloader
INFO 2025-11-29 11:48:11,579 autoreload Watching for file changes with StatReloader
INFO 2025-11-29 11:48:11,945 autoreload Watching for file changes with StatReloader
WARNING 2025-11-29 11:48:37,904 base Session data corrupted
INFO 2025-11-29 11:48:37,913 basehttp "GET / HTTP/1.1" 302 0
INFO 2025-11-29 11:48:37,973 basehttp "GET /login/?next=/ HTTP/1.1" 200 3605
INFO 2025-11-29 11:48:46,343 basehttp "POST /login/?next=/ HTTP/1.1" 302 0
ERROR 2025-11-29 11:48:46,477 log Internal Server Error: /
Traceback (most recent call last):
  File "C:\Users\savat\OneDrive\Documents\Issue_Tracker\venv\Lib\site-packages\django\db\backends\utils.py", line 89, in _execute
    return self.cursor.execute(sql, params)
           ^^^^^^^^^^^^^^^^^^^^^^^^^^^^^^^^
psycopg2.errors.UndefinedTable: relation "issue_tracker_app_notification" does not exist
LINE 1: SELECT COUNT(*) AS "__count" FROM "issue_tracker_app_notific...
                                          ^


The above exception was the direct cause of the following exception:

Traceback (most recent call last):
  File "C:\Users\savat\OneDrive\Documents\Issue_Tracker\venv\Lib\site-packages\django\core\handlers\exception.py", line 55, in inner
    response = get_response(request)
               ^^^^^^^^^^^^^^^^^^^^^
  File "C:\Users\savat\OneDrive\Documents\Issue_Tracker\venv\Lib\site-packages\django\core\handlers\base.py", line 197, in _get_response
    response = wrapped_callback(request, *callback_args, **callback_kwargs)
               ^^^^^^^^^^^^^^^^^^^^^^^^^^^^^^^^^^^^^^^^^^^^^^^^^^^^^^^^^^^^
  File "C:\Users\savat\OneDrive\Documents\Issue_Tracker\venv\Lib\site-packages\django\contrib\auth\decorators.py", line 23, in _wrapper_view
    return view_func(request, *args, **kwargs)
           ^^^^^^^^^^^^^^^^^^^^^^^^^^^^^^^^^^^
  File "C:\Users\savat\OneDrive\Documents\Issue_Tracker\issue_tracker_app\views.py", line 70, in dashboard
    unread_notifications = request.user.notifications.filter(is_read=False).count()
                           ^^^^^^^^^^^^^^^^^^^^^^^^^^^^^^^^^^^^^^^^^^^^^^^^^^^^^^^^
  File "C:\Users\savat\OneDrive\Documents\Issue_Tracker\venv\Lib\site-packages\django\db\models\query.py", line 610, in count
    return self.query.get_count(using=self.db)
           ^^^^^^^^^^^^^^^^^^^^^^^^^^^^^^^^^^^
  File "C:\Users\savat\OneDrive\Documents\Issue_Tracker\venv\Lib\site-packages\django\db\models\sql\query.py", line 568, in get_count
    return obj.get_aggregation(using, {"__count": Count("*")})["__count"]
           ^^^^^^^^^^^^^^^^^^^^^^^^^^^^^^^^^^^^^^^^^^^^^^^^^^^
  File "C:\Users\savat\OneDrive\Documents\Issue_Tracker\venv\Lib\site-packages\django\db\models\sql\query.py", line 554, in get_aggregation
    result = compiler.execute_sql(SINGLE)
             ^^^^^^^^^^^^^^^^^^^^^^^^^^^^
  File "C:\Users\savat\OneDrive\Documents\Issue_Tracker\venv\Lib\site-packages\django\db\models\sql\compiler.py", line 1562, in execute_sql
    cursor.execute(sql, params)
  File "C:\Users\savat\OneDrive\Documents\Issue_Tracker\venv\Lib\site-packages\django\db\backends\utils.py", line 102, in execute
    return super().execute(sql, params)
           ^^^^^^^^^^^^^^^^^^^^^^^^^^^^
  File "C:\Users\savat\OneDrive\Documents\Issue_Tracker\venv\Lib\site-packages\django\db\backends\utils.py", line 67, in execute
    return self._execute_with_wrappers(
           ^^^^^^^^^^^^^^^^^^^^^^^^^^^^
  File "C:\Users\savat\OneDrive\Documents\Issue_Tracker\venv\Lib\site-packages\django\db\backends\utils.py", line 80, in _execute_with_wrappers
    return executor(sql, params, many, context)
           ^^^^^^^^^^^^^^^^^^^^^^^^^^^^^^^^^^^^
  File "C:\Users\savat\OneDrive\Documents\Issue_Tracker\venv\Lib\site-packages\django\db\backends\utils.py", line 84, in _execute
    with self.db.wrap_database_errors:
  File "C:\Users\savat\OneDrive\Documents\Issue_Tracker\venv\Lib\site-packages\django\db\utils.py", line 91, in __exit__
    raise dj_exc_value.with_traceback(traceback) from exc_value
  File "C:\Users\savat\OneDrive\Documents\Issue_Tracker\venv\Lib\site-packages\django\db\backends\utils.py", line 89, in _execute
    return self.cursor.execute(sql, params)
           ^^^^^^^^^^^^^^^^^^^^^^^^^^^^^^^^
django.db.utils.ProgrammingError: relation "issue_tracker_app_notification" does not exist
LINE 1: SELECT COUNT(*) AS "__count" FROM "issue_tracker_app_notific...
                                          ^

ERROR 2025-11-29 11:48:46,481 basehttp "GET / HTTP/1.1" 500 134469
INFO 2025-11-29 11:48:50,772 basehttp "GET /login/?next=/ HTTP/1.1" 302 0
INFO 2025-11-29 11:52:26,389 autoreload Watching for file changes with StatReloader
ERROR 2025-11-29 11:52:32,379 log Internal Server Error: /
Traceback (most recent call last):
  File "C:\Users\savat\OneDrive\Documents\Issue_Tracker\venv\Lib\site-packages\django\db\backends\utils.py", line 89, in _execute
    return self.cursor.execute(sql, params)
           ^^^^^^^^^^^^^^^^^^^^^^^^^^^^^^^^
psycopg2.errors.UndefinedTable: relation "issue_tracker_app_notification" does not exist
LINE 1: SELECT COUNT(*) AS "__count" FROM "issue_tracker_app_notific...
                                          ^


The above exception was the direct cause of the following exception:

Traceback (most recent call last):
  File "C:\Users\savat\OneDrive\Documents\Issue_Tracker\venv\Lib\site-packages\django\core\handlers\exception.py", line 55, in inner
    response = get_response(request)
               ^^^^^^^^^^^^^^^^^^^^^
  File "C:\Users\savat\OneDrive\Documents\Issue_Tracker\venv\Lib\site-packages\django\core\handlers\base.py", line 197, in _get_response
    response = wrapped_callback(request, *callback_args, **callback_kwargs)
               ^^^^^^^^^^^^^^^^^^^^^^^^^^^^^^^^^^^^^^^^^^^^^^^^^^^^^^^^^^^^
  File "C:\Users\savat\OneDrive\Documents\Issue_Tracker\venv\Lib\site-packages\django\contrib\auth\decorators.py", line 23, in _wrapper_view
    return view_func(request, *args, **kwargs)
           ^^^^^^^^^^^^^^^^^^^^^^^^^^^^^^^^^^^
  File "C:\Users\savat\OneDrive\Documents\Issue_Tracker\issue_tracker_app\views.py", line 70, in dashboard
    unread_notifications = request.user.notifications.filter(is_read=False).count()
                           ^^^^^^^^^^^^^^^^^^^^^^^^^^^^^^^^^^^^^^^^^^^^^^^^^^^^^^^^
  File "C:\Users\savat\OneDrive\Documents\Issue_Tracker\venv\Lib\site-packages\django\db\models\query.py", line 610, in count
    return self.query.get_count(using=self.db)
           ^^^^^^^^^^^^^^^^^^^^^^^^^^^^^^^^^^^
  File "C:\Users\savat\OneDrive\Documents\Issue_Tracker\venv\Lib\site-packages\django\db\models\sql\query.py", line 568, in get_count
    return obj.get_aggregation(using, {"__count": Count("*")})["__count"]
           ^^^^^^^^^^^^^^^^^^^^^^^^^^^^^^^^^^^^^^^^^^^^^^^^^^^
  File "C:\Users\savat\OneDrive\Documents\Issue_Tracker\venv\Lib\site-packages\django\db\models\sql\query.py", line 554, in get_aggregation
    result = compiler.execute_sql(SINGLE)
             ^^^^^^^^^^^^^^^^^^^^^^^^^^^^
  File "C:\Users\savat\OneDrive\Documents\Issue_Tracker\venv\Lib\site-packages\django\db\models\sql\compiler.py", line 1562, in execute_sql
    cursor.execute(sql, params)
  File "C:\Users\savat\OneDrive\Documents\Issue_Tracker\venv\Lib\site-packages\django\db\backends\utils.py", line 102, in execute
    return super().execute(sql, params)
           ^^^^^^^^^^^^^^^^^^^^^^^^^^^^
  File "C:\Users\savat\OneDrive\Documents\Issue_Tracker\venv\Lib\site-packages\django\db\backends\utils.py", line 67, in execute
    return self._execute_with_wrappers(
           ^^^^^^^^^^^^^^^^^^^^^^^^^^^^
  File "C:\Users\savat\OneDrive\Documents\Issue_Tracker\venv\Lib\site-packages\django\db\backends\utils.py", line 80, in _execute_with_wrappers
    return executor(sql, params, many, context)
           ^^^^^^^^^^^^^^^^^^^^^^^^^^^^^^^^^^^^
  File "C:\Users\savat\OneDrive\Documents\Issue_Tracker\venv\Lib\site-packages\django\db\backends\utils.py", line 84, in _execute
    with self.db.wrap_database_errors:
  File "C:\Users\savat\OneDrive\Documents\Issue_Tracker\venv\Lib\site-packages\django\db\utils.py", line 91, in __exit__
    raise dj_exc_value.with_traceback(traceback) from exc_value
  File "C:\Users\savat\OneDrive\Documents\Issue_Tracker\venv\Lib\site-packages\django\db\backends\utils.py", line 89, in _execute
    return self.cursor.execute(sql, params)
           ^^^^^^^^^^^^^^^^^^^^^^^^^^^^^^^^
django.db.utils.ProgrammingError: relation "issue_tracker_app_notification" does not exist
LINE 1: SELECT COUNT(*) AS "__count" FROM "issue_tracker_app_notific...
                                          ^

ERROR 2025-11-29 11:52:32,391 basehttp "GET / HTTP/1.1" 500 134168
INFO 2025-11-29 12:00:32,166 autoreload Watching for file changes with StatReloader
INFO 2025-11-29 12:00:35,033 basehttp "GET / HTTP/1.1" 200 29409
INFO 2025-11-29 12:00:59,811 basehttp "GET /issues/ HTTP/1.1" 200 9171
INFO 2025-11-29 12:01:01,387 basehttp "GET /issues/?assignee=1 HTTP/1.1" 200 7759
INFO 2025-11-29 12:01:02,817 basehttp "GET /issues/?status=open HTTP/1.1" 200 9171
INFO 2025-11-29 12:01:09,285 basehttp "GET /labels/ HTTP/1.1" 200 9351
INFO 2025-11-29 12:01:12,995 basehttp "GET / HTTP/1.1" 200 29409
INFO 2025-11-29 12:01:22,919 basehttp "GET /issues/?status=open HTTP/1.1" 200 9171
INFO 2025-11-29 12:01:26,997 basehttp "GET /issues/?status=in_progress HTTP/1.1" 200 7186
INFO 2025-11-29 12:01:48,304 basehttp "GET /issues/create/ HTTP/1.1" 200 10438
INFO 2025-11-29 12:01:53,784 basehttp "GET /issues/ HTTP/1.1" 200 9171
INFO 2025-11-29 12:02:02,186 basehttp "GET / HTTP/1.1" 200 29409
INFO 2025-11-29 12:02:05,657 basehttp "GET /issues/create/ HTTP/1.1" 200 10438
INFO 2025-11-29 12:02:36,311 basehttp "GET /issues/ HTTP/1.1" 200 9171
INFO 2025-11-29 12:02:40,450 basehttp "GET /issues/?status=open HTTP/1.1" 200 9171
INFO 2025-11-29 12:02:53,127 basehttp "GET /issues/?reporter=me HTTP/1.1" 200 9171
INFO 2025-11-29 12:03:25,151 basehttp "GET / HTTP/1.1" 200 29409
INFO 2025-11-29 12:03:41,809 basehttp "GET /issues/ HTTP/1.1" 200 9171
INFO 2025-11-29 12:03:43,417 basehttp "GET / HTTP/1.1" 200 29409
ERROR 2025-11-29 12:04:05,906 log Internal Server Error: /analytics/
Traceback (most recent call last):
  File "C:\Users\savat\OneDrive\Documents\Issue_Tracker\venv\Lib\site-packages\django\core\handlers\exception.py", line 55, in inner
    response = get_response(request)
               ^^^^^^^^^^^^^^^^^^^^^
  File "C:\Users\savat\OneDrive\Documents\Issue_Tracker\venv\Lib\site-packages\django\core\handlers\base.py", line 197, in _get_response
    response = wrapped_callback(request, *callback_args, **callback_kwargs)
               ^^^^^^^^^^^^^^^^^^^^^^^^^^^^^^^^^^^^^^^^^^^^^^^^^^^^^^^^^^^^
  File "C:\Users\savat\OneDrive\Documents\Issue_Tracker\venv\Lib\site-packages\django\contrib\auth\decorators.py", line 23, in _wrapper_view
    return view_func(request, *args, **kwargs)
           ^^^^^^^^^^^^^^^^^^^^^^^^^^^^^^^^^^^
  File "C:\Users\savat\OneDrive\Documents\Issue_Tracker\issue_tracker_app\views.py", line 504, in analytics
    return render(request, 'issue_tracker_app/analytics.html', context)
           ^^^^^^^^^^^^^^^^^^^^^^^^^^^^^^^^^^^^^^^^^^^^^^^^^^^^^^^^^^^^
  File "C:\Users\savat\OneDrive\Documents\Issue_Tracker\venv\Lib\site-packages\django\shortcuts.py", line 24, in render
    content = loader.render_to_string(template_name, context, request, using=using)
              ^^^^^^^^^^^^^^^^^^^^^^^^^^^^^^^^^^^^^^^^^^^^^^^^^^^^^^^^^^^^^^^^^^^^^
  File "C:\Users\savat\OneDrive\Documents\Issue_Tracker\venv\Lib\site-packages\django\template\loader.py", line 61, in render_to_string
    template = get_template(template_name, using=using)
               ^^^^^^^^^^^^^^^^^^^^^^^^^^^^^^^^^^^^^^^^
  File "C:\Users\savat\OneDrive\Documents\Issue_Tracker\venv\Lib\site-packages\django\template\loader.py", line 19, in get_template
    raise TemplateDoesNotExist(template_name, chain=chain)
django.template.exceptions.TemplateDoesNotExist: issue_tracker_app/analytics.html
ERROR 2025-11-29 12:04:05,911 basehttp "GET /analytics/ HTTP/1.1" 500 105299
INFO 2025-11-29 12:04:10,203 basehttp "GET /labels/ HTTP/1.1" 200 9351
INFO 2025-11-29 12:04:13,222 basehttp "GET /issues/?assignee=me HTTP/1.1" 200 7759
INFO 2025-11-29 12:04:16,211 basehttp "GET /issues/create/ HTTP/1.1" 200 10438
INFO 2025-11-29 12:05:34,014 basehttp "GET /logout/ HTTP/1.1" 302 0
INFO 2025-11-29 12:05:34,025 basehttp "GET /login/ HTTP/1.1" 200 3604
INFO 2025-11-29 12:05:40,382 basehttp "POST /login/ HTTP/1.1" 302 0
INFO 2025-11-29 12:05:40,640 basehttp "GET / HTTP/1.1" 200 29409
INFO 2025-11-29 12:06:27,548 basehttp "GET /issues/?status=open HTTP/1.1" 200 9171
INFO 2025-11-29 12:08:15,657 basehttp "GET /issues/?reporter=me HTTP/1.1" 200 9171
INFO 2025-11-29 12:08:23,494 basehttp "GET /issues/?reporter=me HTTP/1.1" 200 9171
INFO 2025-11-29 12:08:42,236 basehttp "GET /issues/?assignee=me HTTP/1.1" 200 7759
INFO 2025-11-29 12:08:58,507 basehttp "GET /issues/ HTTP/1.1" 200 9171
INFO 2025-11-29 12:08:59,654 basehttp "GET /issues/?assignee=1 HTTP/1.1" 200 7759
INFO 2025-11-29 12:09:00,364 basehttp "GET /issues/?status=open HTTP/1.1" 200 9171
INFO 2025-11-29 12:09:00,996 basehttp "GET /labels/ HTTP/1.1" 200 9351
INFO 2025-11-29 12:09:02,188 basehttp "GET / HTTP/1.1" 200 29409
INFO 2025-11-29 12:14:00,276 autoreload C:\Users\savat\OneDrive\Documents\Issue_Tracker\issue_tracker_app\views.py changed, reloading.
INFO 2025-11-29 12:14:00,281 autoreload C:\Users\savat\OneDrive\Documents\Issue_Tracker\issue_tracker_app\views.py changed, reloading.
INFO 2025-11-29 12:14:00,317 autoreload C:\Users\savat\OneDrive\Documents\Issue_Tracker\issue_tracker_app\views.py changed, reloading.
INFO 2025-11-29 12:14:00,341 autoreload C:\Users\savat\OneDrive\Documents\Issue_Tracker\issue_tracker_app\views.py changed, reloading.
INFO 2025-11-29 12:14:00,423 autoreload C:\Users\savat\OneDrive\Documents\Issue_Tracker\issue_tracker_app\views.py changed, reloading.
INFO 2025-11-29 12:14:00,434 autoreload C:\Users\savat\OneDrive\Documents\Issue_Tracker\issue_tracker_app\views.py changed, reloading.
INFO 2025-11-29 12:14:01,703 autoreload Watching for file changes with StatReloader
INFO 2025-11-29 12:14:01,708 autoreload Watching for file changes with StatReloader
INFO 2025-11-29 12:14:01,709 autoreload Watching for file changes with StatReloader
INFO 2025-11-29 12:14:01,727 autoreload Watching for file changes with StatReloader
INFO 2025-11-29 12:14:01,760 autoreload Watching for file changes with StatReloader
INFO 2025-11-29 12:14:01,793 autoreload Watching for file changes with StatReloader
INFO 2025-11-29 12:15:09,712 autoreload C:\Users\savat\OneDrive\Documents\Issue_Tracker\issue_tracker_app\views.py changed, reloading.
INFO 2025-11-29 12:15:09,715 autoreload C:\Users\savat\OneDrive\Documents\Issue_Tracker\issue_tracker_app\views.py changed, reloading.
INFO 2025-11-29 12:15:09,724 autoreload C:\Users\savat\OneDrive\Documents\Issue_Tracker\issue_tracker_app\views.py changed, reloading.
INFO 2025-11-29 12:15:09,732 autoreload C:\Users\savat\OneDrive\Documents\Issue_Tracker\issue_tracker_app\views.py changed, reloading.
INFO 2025-11-29 12:15:09,744 autoreload C:\Users\savat\OneDrive\Documents\Issue_Tracker\issue_tracker_app\views.py changed, reloading.
INFO 2025-11-29 12:15:10,053 autoreload C:\Users\savat\OneDrive\Documents\Issue_Tracker\issue_tracker_app\views.py changed, reloading.
INFO 2025-11-29 12:15:11,182 autoreload Watching for file changes with StatReloader
INFO 2025-11-29 12:15:11,188 autoreload Watching for file changes with StatReloader
INFO 2025-11-29 12:15:11,200 autoreload Watching for file changes with StatReloader
INFO 2025-11-29 12:15:11,227 autoreload Watching for file changes with StatReloader
INFO 2025-11-29 12:15:11,244 autoreload Watching for file changes with StatReloader
INFO 2025-11-29 12:15:11,468 autoreload Watching for file changes with StatReloader
INFO 2025-11-29 13:05:58,472 autoreload C:\Users\savat\OneDrive\Documents\Issue_Tracker\issue_tracker_app\ml_utils.py changed, reloading.
INFO 2025-11-29 13:05:58,490 autoreload C:\Users\savat\OneDrive\Documents\Issue_Tracker\issue_tracker_app\ml_utils.py changed, reloading.
INFO 2025-11-29 13:05:58,513 autoreload C:\Users\savat\OneDrive\Documents\Issue_Tracker\issue_tracker_app\ml_utils.py changed, reloading.
INFO 2025-11-29 13:05:58,513 autoreload C:\Users\savat\OneDrive\Documents\Issue_Tracker\issue_tracker_app\ml_utils.py changed, reloading.
INFO 2025-11-29 13:05:58,521 autoreload C:\Users\savat\OneDrive\Documents\Issue_Tracker\issue_tracker_app\ml_utils.py changed, reloading.
INFO 2025-11-29 13:05:58,685 autoreload C:\Users\savat\OneDrive\Documents\Issue_Tracker\issue_tracker_app\ml_utils.py changed, reloading.
INFO 2025-11-29 13:05:59,660 autoreload Watching for file changes with StatReloader
INFO 2025-11-29 13:05:59,661 autoreload Watching for file changes with StatReloader
INFO 2025-11-29 13:05:59,662 autoreload Watching for file changes with StatReloader
INFO 2025-11-29 13:05:59,664 autoreload Watching for file changes with StatReloader
INFO 2025-11-29 13:05:59,668 autoreload Watching for file changes with StatReloader
INFO 2025-11-29 13:05:59,712 autoreload Watching for file changes with StatReloader
INFO 2025-11-29 13:06:03,535 autoreload C:\Users\savat\OneDrive\Documents\Issue_Tracker\issue_tracker_app\views.py changed, reloading.
INFO 2025-11-29 13:06:03,538 autoreload C:\Users\savat\OneDrive\Documents\Issue_Tracker\issue_tracker_app\views.py changed, reloading.
INFO 2025-11-29 13:06:03,547 autoreload C:\Users\savat\OneDrive\Documents\Issue_Tracker\issue_tracker_app\views.py changed, reloading.
INFO 2025-11-29 13:06:03,553 autoreload C:\Users\savat\OneDrive\Documents\Issue_Tracker\issue_tracker_app\views.py changed, reloading.
INFO 2025-11-29 13:06:03,571 autoreload C:\Users\savat\OneDrive\Documents\Issue_Tracker\issue_tracker_app\views.py changed, reloading.
INFO 2025-11-29 13:06:03,572 autoreload C:\Users\savat\OneDrive\Documents\Issue_Tracker\issue_tracker_app\views.py changed, reloading.
INFO 2025-11-29 13:06:04,672 autoreload Watching for file changes with StatReloader
INFO 2025-11-29 13:06:04,678 autoreload Watching for file changes with StatReloader
INFO 2025-11-29 13:06:04,686 autoreload Watching for file changes with StatReloader
INFO 2025-11-29 13:06:04,687 autoreload Watching for file changes with StatReloader
INFO 2025-11-29 13:06:04,690 autoreload Watching for file changes with StatReloader
INFO 2025-11-29 13:06:04,726 autoreload Watching for file changes with StatReloader
INFO 2025-11-29 13:07:33,491 autoreload C:\Users\savat\OneDrive\Documents\Issue_Tracker\issue_tracker_app\utils.py changed, reloading.
INFO 2025-11-29 13:07:33,499 autoreload C:\Users\savat\OneDrive\Documents\Issue_Tracker\issue_tracker_app\utils.py changed, reloading.
INFO 2025-11-29 13:07:33,501 autoreload C:\Users\savat\OneDrive\Documents\Issue_Tracker\issue_tracker_app\utils.py changed, reloading.
INFO 2025-11-29 13:07:33,504 autoreload C:\Users\savat\OneDrive\Documents\Issue_Tracker\issue_tracker_app\utils.py changed, reloading.
INFO 2025-11-29 13:07:33,520 autoreload C:\Users\savat\OneDrive\Documents\Issue_Tracker\issue_tracker_app\utils.py changed, reloading.
INFO 2025-11-29 13:07:33,523 autoreload C:\Users\savat\OneDrive\Documents\Issue_Tracker\issue_tracker_app\utils.py changed, reloading.
INFO 2025-11-29 13:07:34,554 autoreload Watching for file changes with StatReloader
INFO 2025-11-29 13:07:34,555 autoreload Watching for file changes with StatReloader
INFO 2025-11-29 13:07:34,555 autoreload Watching for file changes with StatReloader
INFO 2025-11-29 13:07:34,571 autoreload Watching for file changes with StatReloader
INFO 2025-11-29 13:07:34,580 autoreload Watching for file changes with StatReloader
INFO 2025-11-29 13:07:34,589 autoreload Watching for file changes with StatReloader
INFO 2025-11-29 13:08:13,665 autoreload C:\Users\savat\OneDrive\Documents\Issue_Tracker\issue_tracker_app\signals.py changed, reloading.
INFO 2025-11-29 13:08:13,677 autoreload C:\Users\savat\OneDrive\Documents\Issue_Tracker\issue_tracker_app\signals.py changed, reloading.
INFO 2025-11-29 13:08:13,681 autoreload C:\Users\savat\OneDrive\Documents\Issue_Tracker\issue_tracker_app\signals.py changed, reloading.
INFO 2025-11-29 13:08:13,698 autoreload C:\Users\savat\OneDrive\Documents\Issue_Tracker\issue_tracker_app\signals.py changed, reloading.
INFO 2025-11-29 13:08:13,701 autoreload C:\Users\savat\OneDrive\Documents\Issue_Tracker\issue_tracker_app\signals.py changed, reloading.
INFO 2025-11-29 13:08:13,716 autoreload C:\Users\savat\OneDrive\Documents\Issue_Tracker\issue_tracker_app\signals.py changed, reloading.
INFO 2025-11-29 13:08:14,726 autoreload Watching for file changes with StatReloader
INFO 2025-11-29 13:08:14,726 autoreload Watching for file changes with StatReloader
INFO 2025-11-29 13:08:14,726 autoreload Watching for file changes with StatReloader
INFO 2025-11-29 13:08:14,726 autoreload Watching for file changes with StatReloader
INFO 2025-11-29 13:08:14,727 autoreload Watching for file changes with StatReloader
INFO 2025-11-29 13:08:14,730 autoreload Watching for file changes with StatReloader
INFO 2025-11-29 13:08:26,315 basehttp "GET / HTTP/1.1" 200 29428
INFO 2025-11-29 13:08:35,454 basehttp "GET /issues/create/ HTTP/1.1" 200 10438
INFO 2025-11-29 13:08:43,730 basehttp "GET / HTTP/1.1" 200 29428
INFO 2025-11-29 13:08:48,962 basehttp "GET /issues/ HTTP/1.1" 200 9173
INFO 2025-11-29 13:08:50,870 basehttp "GET /issues/?assignee=1 HTTP/1.1" 200 7759
INFO 2025-11-29 13:08:52,607 basehttp "GET /issues/?assignee=1 HTTP/1.1" 200 7759
INFO 2025-11-29 13:08:53,234 basehttp "GET /issues/?status=open HTTP/1.1" 200 9173
INFO 2025-11-29 13:08:55,667 basehttp "GET /labels/ HTTP/1.1" 200 9351
INFO 2025-11-29 13:08:57,724 basehttp "GET / HTTP/1.1" 200 29428
INFO 2025-11-29 13:09:11,477 basehttp "GET /issues/create/ HTTP/1.1" 200 10438
INFO 2025-11-29 13:09:22,942 autoreload C:\Users\savat\OneDrive\Documents\Issue_Tracker\issue_tracker_app\signals.py changed, reloading.
INFO 2025-11-29 13:09:22,943 autoreload C:\Users\savat\OneDrive\Documents\Issue_Tracker\issue_tracker_app\signals.py changed, reloading.
INFO 2025-11-29 13:09:22,944 autoreload C:\Users\savat\OneDrive\Documents\Issue_Tracker\issue_tracker_app\signals.py changed, reloading.
INFO 2025-11-29 13:09:22,950 autoreload C:\Users\savat\OneDrive\Documents\Issue_Tracker\issue_tracker_app\signals.py changed, reloading.
INFO 2025-11-29 13:09:22,958 autoreload C:\Users\savat\OneDrive\Documents\Issue_Tracker\issue_tracker_app\signals.py changed, reloading.
INFO 2025-11-29 13:09:22,966 autoreload C:\Users\savat\OneDrive\Documents\Issue_Tracker\issue_tracker_app\signals.py changed, reloading.
INFO 2025-11-29 13:09:23,928 autoreload Watching for file changes with StatReloader
INFO 2025-11-29 13:09:23,931 autoreload Watching for file changes with StatReloader
INFO 2025-11-29 13:09:23,931 autoreload Watching for file changes with StatReloader
INFO 2025-11-29 13:09:23,933 autoreload Watching for file changes with StatReloader
INFO 2025-11-29 13:09:23,936 autoreload Watching for file changes with StatReloader
INFO 2025-11-29 13:09:29,678 basehttp "GET / HTTP/1.1" 200 29428
INFO 2025-11-29 13:10:48,444 basehttp "GET /issues/?status=open HTTP/1.1" 200 9173
INFO 2025-11-29 13:10:51,632 basehttp "GET /issues/?status=in_progress HTTP/1.1" 200 7186
INFO 2025-11-29 13:11:04,797 basehttp "GET /issues/?status=in_progress HTTP/1.1" 200 7186
INFO 2025-11-29 14:08:14,802 autoreload Watching for file changes with StatReloader
INFO 2025-11-29 14:08:17,288 basehttp "GET / HTTP/1.1" 200 29428
ERROR 2025-11-29 14:08:39,805 log Internal Server Error: /analytics/
Traceback (most recent call last):
  File "C:\Users\savat\OneDrive\Documents\Issue_Tracker\venv\Lib\site-packages\django\core\handlers\exception.py", line 55, in inner
    response = get_response(request)
               ^^^^^^^^^^^^^^^^^^^^^
  File "C:\Users\savat\OneDrive\Documents\Issue_Tracker\venv\Lib\site-packages\django\core\handlers\base.py", line 197, in _get_response
    response = wrapped_callback(request, *callback_args, **callback_kwargs)
               ^^^^^^^^^^^^^^^^^^^^^^^^^^^^^^^^^^^^^^^^^^^^^^^^^^^^^^^^^^^^
  File "C:\Users\savat\OneDrive\Documents\Issue_Tracker\venv\Lib\site-packages\django\contrib\auth\decorators.py", line 23, in _wrapper_view
    return view_func(request, *args, **kwargs)
           ^^^^^^^^^^^^^^^^^^^^^^^^^^^^^^^^^^^
  File "C:\Users\savat\OneDrive\Documents\Issue_Tracker\issue_tracker_app\views.py", line 504, in analytics
    return render(request, 'issue_tracker_app/analytics.html', context)
           ^^^^^^^^^^^^^^^^^^^^^^^^^^^^^^^^^^^^^^^^^^^^^^^^^^^^^^^^^^^^
  File "C:\Users\savat\OneDrive\Documents\Issue_Tracker\venv\Lib\site-packages\django\shortcuts.py", line 24, in render
    content = loader.render_to_string(template_name, context, request, using=using)
              ^^^^^^^^^^^^^^^^^^^^^^^^^^^^^^^^^^^^^^^^^^^^^^^^^^^^^^^^^^^^^^^^^^^^^
  File "C:\Users\savat\OneDrive\Documents\Issue_Tracker\venv\Lib\site-packages\django\template\loader.py", line 61, in render_to_string
    template = get_template(template_name, using=using)
               ^^^^^^^^^^^^^^^^^^^^^^^^^^^^^^^^^^^^^^^^
  File "C:\Users\savat\OneDrive\Documents\Issue_Tracker\venv\Lib\site-packages\django\template\loader.py", line 19, in get_template
    raise TemplateDoesNotExist(template_name, chain=chain)
django.template.exceptions.TemplateDoesNotExist: issue_tracker_app/analytics.html
ERROR 2025-11-29 14:08:39,811 basehttp "GET /analytics/ HTTP/1.1" 500 107710
INFO 2025-11-29 14:10:15,755 basehttp "GET /issues/?assignee=me HTTP/1.1" 200 7759
INFO 2025-11-29 14:18:27,758 basehttp "GET / HTTP/1.1" 200 23948
INFO 2025-11-29 14:51:26,365 autoreload Watching for file changes with StatReloader
INFO 2025-11-29 14:51:28,331 basehttp "GET / HTTP/1.1" 200 23511
INFO 2025-11-29 14:51:46,956 basehttp "GET /issues/?status=open HTTP/1.1" 200 9173
INFO 2025-11-29 14:51:50,897 basehttp "GET /issues/?status=in_progress HTTP/1.1" 200 7186
INFO 2025-11-29 14:51:56,804 basehttp "GET /issues/?assignee=me HTTP/1.1" 200 7759
INFO 2025-11-29 14:52:15,384 basehttp "GET /issues/ HTTP/1.1" 200 9173
INFO 2025-11-29 14:52:17,225 basehttp "GET /issues/?assignee=1 HTTP/1.1" 200 7759
INFO 2025-11-29 14:52:17,953 basehttp "GET /issues/?status=open HTTP/1.1" 200 9173
INFO 2025-11-29 14:52:18,598 basehttp "GET /labels/ HTTP/1.1" 200 9351
INFO 2025-11-29 14:52:19,904 basehttp "GET / HTTP/1.1" 200 23511
ERROR 2025-11-29 14:57:37,379 log Internal Server Error: /analytics/
Traceback (most recent call last):
  File "C:\Users\savat\OneDrive\Documents\Issue_Tracker\venv\Lib\site-packages\django\core\handlers\exception.py", line 55, in inner
    response = get_response(request)
               ^^^^^^^^^^^^^^^^^^^^^
  File "C:\Users\savat\OneDrive\Documents\Issue_Tracker\venv\Lib\site-packages\django\core\handlers\base.py", line 197, in _get_response
    response = wrapped_callback(request, *callback_args, **callback_kwargs)
               ^^^^^^^^^^^^^^^^^^^^^^^^^^^^^^^^^^^^^^^^^^^^^^^^^^^^^^^^^^^^
  File "C:\Users\savat\OneDrive\Documents\Issue_Tracker\venv\Lib\site-packages\django\contrib\auth\decorators.py", line 23, in _wrapper_view
    return view_func(request, *args, **kwargs)
           ^^^^^^^^^^^^^^^^^^^^^^^^^^^^^^^^^^^
  File "C:\Users\savat\OneDrive\Documents\Issue_Tracker\issue_tracker_app\views.py", line 504, in analytics
    return render(request, 'issue_tracker_app/analytics.html', context)
           ^^^^^^^^^^^^^^^^^^^^^^^^^^^^^^^^^^^^^^^^^^^^^^^^^^^^^^^^^^^^
  File "C:\Users\savat\OneDrive\Documents\Issue_Tracker\venv\Lib\site-packages\django\shortcuts.py", line 24, in render
    content = loader.render_to_string(template_name, context, request, using=using)
              ^^^^^^^^^^^^^^^^^^^^^^^^^^^^^^^^^^^^^^^^^^^^^^^^^^^^^^^^^^^^^^^^^^^^^
  File "C:\Users\savat\OneDrive\Documents\Issue_Tracker\venv\Lib\site-packages\django\template\loader.py", line 61, in render_to_string
    template = get_template(template_name, using=using)
               ^^^^^^^^^^^^^^^^^^^^^^^^^^^^^^^^^^^^^^^^
  File "C:\Users\savat\OneDrive\Documents\Issue_Tracker\venv\Lib\site-packages\django\template\loader.py", line 19, in get_template
    raise TemplateDoesNotExist(template_name, chain=chain)
django.template.exceptions.TemplateDoesNotExist: issue_tracker_app/analytics.html
ERROR 2025-11-29 14:57:37,384 basehttp "GET /analytics/ HTTP/1.1" 500 107710
INFO 2025-11-29 14:57:55,633 basehttp "GET / HTTP/1.1" 200 23511
WARNING 2025-11-29 14:57:57,801 log Not Found: /favicon.ico
WARNING 2025-11-29 14:57:57,801 basehttp "GET /favicon.ico HTTP/1.1" 404 5815
INFO 2025-11-29 14:57:58,173 basehttp "GET / HTTP/1.1" 200 23511
WARNING 2025-11-29 14:57:58,740 log Not Found: /favicon.ico
WARNING 2025-11-29 14:57:58,740 basehttp "GET /favicon.ico HTTP/1.1" 404 5815
INFO 2025-11-29 15:04:21,560 autoreload Watching for file changes with StatReloader
INFO 2025-11-29 15:04:23,576 basehttp "GET / HTTP/1.1" 200 23511
INFO 2025-11-29 15:04:27,593 basehttp "GET /analytics/ HTTP/1.1" 200 14236
INFO 2025-11-29 15:05:22,227 basehttp "GET / HTTP/1.1" 200 23511
INFO 2025-11-29 15:07:24,663 basehttp "GET /issues/ HTTP/1.1" 200 9173
INFO 2025-11-29 15:07:26,007 basehttp "GET /issues/?assignee=1 HTTP/1.1" 200 7759
INFO 2025-11-29 15:07:26,618 basehttp "GET /issues/?status=open HTTP/1.1" 200 9173
INFO 2025-11-29 15:07:27,350 basehttp "GET /labels/ HTTP/1.1" 200 9351
INFO 2025-11-29 15:07:28,885 basehttp "GET / HTTP/1.1" 200 23511
INFO 2025-11-29 15:07:32,538 basehttp "GET /issues/create/ HTTP/1.1" 200 10438
INFO 2025-11-29 15:07:35,279 basehttp "GET / HTTP/1.1" 200 23511
INFO 2025-11-29 15:07:36,265 basehttp "GET /issues/create/ HTTP/1.1" 200 10438
INFO 2025-11-29 15:07:43,185 basehttp "GET /logout/ HTTP/1.1" 302 0
INFO 2025-11-29 15:07:43,200 basehttp "GET /login/ HTTP/1.1" 200 3604
INFO 2025-11-29 15:07:46,396 basehttp "POST /login/ HTTP/1.1" 302 0
INFO 2025-11-29 15:07:46,519 basehttp "GET / HTTP/1.1" 200 23511
INFO 2025-11-29 15:09:11,368 autoreload Watching for file changes with StatReloader
INFO 2025-11-29 15:09:13,505 basehttp "GET / HTTP/1.1" 200 23511
INFO 2025-11-29 15:09:17,258 basehttp "GET /logout/ HTTP/1.1" 302 0
INFO 2025-11-29 15:09:17,264 basehttp "GET /login/ HTTP/1.1" 200 3604
INFO 2025-11-29 15:09:28,026 basehttp "GET /register/ HTTP/1.1" 200 5048
INFO 2025-11-29 15:09:57,550 basehttp "POST /register/ HTTP/1.1" 302 0
INFO 2025-11-29 15:09:57,654 basehttp "GET / HTTP/1.1" 200 18859
INFO 2025-11-29 15:10:20,977 basehttp "GET /issues/ HTTP/1.1" 200 9170
INFO 2025-11-29 15:10:24,582 basehttp "GET /issues/?assignee=4 HTTP/1.1" 200 7183
INFO 2025-11-29 15:10:26,411 basehttp "GET /issues/?status=open HTTP/1.1" 200 9170
INFO 2025-11-29 15:10:27,811 basehttp "GET /labels/ HTTP/1.1" 200 9348
INFO 2025-11-29 15:10:29,192 basehttp "GET / HTTP/1.1" 200 18587
INFO 2025-11-29 15:10:37,574 basehttp "GET / HTTP/1.1" 200 18587
WARNING 2025-11-29 15:10:38,142 log Not Found: /favicon.ico
WARNING 2025-11-29 15:10:38,143 basehttp "GET /favicon.ico HTTP/1.1" 404 5815
INFO 2025-11-29 15:10:43,843 basehttp "GET /logout/ HTTP/1.1" 302 0
INFO 2025-11-29 15:10:43,850 basehttp "GET /login/ HTTP/1.1" 200 3604
INFO 2025-11-29 15:10:47,257 basehttp "POST /login/ HTTP/1.1" 302 0
INFO 2025-11-29 15:10:47,363 basehttp "GET / HTTP/1.1" 200 23511
INFO 2025-11-29 15:12:59,657 basehttp "GET / HTTP/1.1" 200 23488
WARNING 2025-11-29 15:13:00,286 log Not Found: /favicon.ico
WARNING 2025-11-29 15:13:00,286 basehttp "GET /favicon.ico HTTP/1.1" 404 5815
INFO 2025-11-29 15:13:01,535 basehttp "GET / HTTP/1.1" 200 23488
WARNING 2025-11-29 15:13:02,143 log Not Found: /favicon.ico
WARNING 2025-11-29 15:13:02,143 basehttp "GET /favicon.ico HTTP/1.1" 404 5815
INFO 2025-11-29 15:13:41,088 autoreload Watching for file changes with StatReloader
INFO 2025-11-29 15:13:44,094 basehttp "GET / HTTP/1.1" 200 23510
INFO 2025-11-29 15:13:56,709 basehttp "GET /issues/create/ HTTP/1.1" 200 10477
INFO 2025-11-29 15:17:20,432 basehttp "POST /issues/create/ HTTP/1.1" 302 0
INFO 2025-11-29 15:17:20,534 basehttp "GET /issues/4/ HTTP/1.1" 200 7420
INFO 2025-11-29 15:17:31,593 basehttp "GET /issues/4/update/ HTTP/1.1" 200 10905
INFO 2025-11-29 15:17:34,053 basehttp "POST /issues/4/update/ HTTP/1.1" 302 0
INFO 2025-11-29 15:17:34,147 basehttp "GET /issues/4/ HTTP/1.1" 200 7416
INFO 2025-11-29 15:17:36,316 basehttp "GET / HTTP/1.1" 200 25375
INFO 2025-11-29 15:17:46,904 basehttp "GET /issues/4/ HTTP/1.1" 200 7169
INFO 2025-11-29 15:20:55,220 basehttp "GET /issues/create/ HTTP/1.1" 200 10477
INFO 2025-11-29 15:21:27,534 basehttp "GET /issues/?assignee=me HTTP/1.1" 200 7762
INFO 2025-11-29 15:22:07,985 basehttp "GET /issues/?status=open HTTP/1.1" 200 9868
INFO 2025-11-29 15:22:10,132 basehttp "GET /issues/4/ HTTP/1.1" 200 7169
INFO 2025-11-29 15:22:15,746 basehttp "GET /issues/4/ HTTP/1.1" 200 7169
INFO 2025-11-29 15:41:31,336 autoreload C:\Users\savat\OneDrive\Documents\Issue_Tracker\issue_tracker\settings.py changed, reloading.
INFO 2025-11-29 15:41:31,343 autoreload C:\Users\savat\OneDrive\Documents\Issue_Tracker\issue_tracker\settings.py changed, reloading.
INFO 2025-11-29 15:41:31,772 autoreload C:\Users\savat\OneDrive\Documents\Issue_Tracker\issue_tracker\settings.py changed, reloading.
INFO 2025-11-29 15:41:31,773 autoreload C:\Users\savat\OneDrive\Documents\Issue_Tracker\issue_tracker\settings.py changed, reloading.
INFO 2025-11-29 15:41:31,783 autoreload C:\Users\savat\OneDrive\Documents\Issue_Tracker\issue_tracker\settings.py changed, reloading.
INFO 2025-11-29 15:41:31,787 autoreload C:\Users\savat\OneDrive\Documents\Issue_Tracker\issue_tracker\settings.py changed, reloading.
INFO 2025-11-29 15:41:32,437 autoreload Watching for file changes with StatReloader
INFO 2025-11-29 15:41:32,442 autoreload Watching for file changes with StatReloader
INFO 2025-11-29 15:41:32,941 autoreload Watching for file changes with StatReloader
INFO 2025-11-29 15:41:32,947 autoreload Watching for file changes with StatReloader
INFO 2025-11-29 15:41:32,961 autoreload Watching for file changes with StatReloader
INFO 2025-11-29 15:41:32,964 autoreload Watching for file changes with StatReloader
INFO 2025-11-29 15:43:18,834 autoreload Watching for file changes with StatReloader
INFO 2025-11-29 15:43:22,566 basehttp "GET / HTTP/1.1" 200 29004
INFO 2025-11-29 16:03:01,697 basehttp "GET /issues/3/ HTTP/1.1" 200 10795
INFO 2025-11-29 16:03:04,497 basehttp "GET /issues/3/delete/ HTTP/1.1" 200 11490
INFO 2025-11-29 16:03:07,330 basehttp "POST /issues/3/delete/ HTTP/1.1" 302 0
INFO 2025-11-29 16:03:07,552 basehttp "GET /issues/ HTTP/1.1" 200 13114
INFO 2025-11-29 16:03:12,454 basehttp "GET / HTTP/1.1" 200 27025
INFO 2025-11-29 17:19:58,210 autoreload Watching for file changes with StatReloader
INFO 2025-11-29 17:39:06,237 autoreload C:\Users\savat\OneDrive\Documents\Issue_Tracker\issue_tracker_app\views.py changed, reloading.
INFO 2025-11-29 17:39:10,255 autoreload Watching for file changes with StatReloader
INFO 2025-11-29 17:39:15,568 basehttp "GET / HTTP/1.1" 200 27106
INFO 2025-11-29 17:39:32,005 basehttp "GET /issues/2/ HTTP/1.1" 200 10889
INFO 2025-11-29 17:39:35,817 basehttp "GET /issues/2/delete/ HTTP/1.1" 200 11543
INFO 2025-11-29 17:39:39,554 basehttp "POST /issues/2/delete/ HTTP/1.1" 302 0
INFO 2025-11-29 17:39:39,954 basehttp "GET /issues/ HTTP/1.1" 200 12468
INFO 2025-11-29 17:39:42,385 basehttp "GET / HTTP/1.1" 200 25509
INFO 2025-11-29 17:39:47,279 basehttp "GET /analytics/ HTTP/1.1" 200 17928
INFO 2025-11-29 17:40:04,219 basehttp "GET /notifications/ HTTP/1.1" 200 10649
INFO 2025-11-29 17:40:07,460 basehttp "GET / HTTP/1.1" 200 25509
INFO 2025-11-29 17:40:31,918 basehttp "GET /settings/ HTTP/1.1" 200 33585
INFO 2025-11-29 17:40:58,934 basehttp "GET /issues/export/?reporter=me HTTP/1.1" 200 315
INFO 2025-11-29 17:48:34,680 basehttp "POST /settings/ HTTP/1.1" 302 0
INFO 2025-11-29 17:48:35,114 basehttp "GET /settings/ HTTP/1.1" 200 33890
INFO 2025-11-29 17:48:35,931 basehttp "GET /media/avatars/gitim.jpg HTTP/1.1" 200 311819
INFO 2025-11-29 17:48:53,988 basehttp "POST /settings/ HTTP/1.1" 302 0
INFO 2025-11-29 17:48:54,444 basehttp "GET /settings/ HTTP/1.1" 200 33890
INFO 2025-11-29 17:48:54,807 basehttp "GET /media/avatars/gitim.jpg HTTP/1.1" 304 0
INFO 2025-11-29 17:49:51,371 basehttp "GET /settings/ HTTP/1.1" 200 33565
INFO 2025-11-29 17:49:51,745 basehttp "GET /media/avatars/gitim.jpg HTTP/1.1" 304 0
INFO 2025-11-29 17:49:58,981 basehttp "GET / HTTP/1.1" 200 25511
INFO 2025-11-29 17:50:01,965 basehttp "GET /analytics/ HTTP/1.1" 200 17928
INFO 2025-11-29 17:50:07,815 basehttp "GET / HTTP/1.1" 200 25511
INFO 2025-11-29 17:50:26,420 basehttp "GET /issues/1/ HTTP/1.1" 200 10840
INFO 2025-11-29 17:50:28,585 basehttp "GET /issues/1/delete/ HTTP/1.1" 200 11545
INFO 2025-11-29 17:50:30,401 basehttp "POST /issues/1/delete/ HTTP/1.1" 302 0
INFO 2025-11-29 17:50:30,735 basehttp "GET /issues/ HTTP/1.1" 200 11768
INFO 2025-11-29 17:50:32,852 basehttp "GET / HTTP/1.1" 200 23983
INFO 2025-11-29 17:50:49,433 basehttp "GET /issues/ HTTP/1.1" 200 11443
INFO 2025-11-29 17:50:58,279 basehttp "GET /issues/4/ HTTP/1.1" 200 10846
INFO 2025-11-29 17:51:01,969 basehttp "GET /issues/4/delete/ HTTP/1.1" 200 11542
INFO 2025-11-29 17:51:03,720 basehttp "POST /issues/4/delete/ HTTP/1.1" 302 0
INFO 2025-11-29 17:51:04,059 basehttp "GET /issues/ HTTP/1.1" 200 11191
INFO 2025-11-29 17:51:05,762 basehttp "GET / HTTP/1.1" 200 22001
INFO 2025-11-29 17:51:12,008 basehttp "GET /issues/ HTTP/1.1" 200 10866
INFO 2025-11-29 17:51:13,664 basehttp "GET /issues/?assignee=me HTTP/1.1" 200 10866
INFO 2025-11-29 17:51:15,709 basehttp "GET /issues/?status=open HTTP/1.1" 200 10866
INFO 2025-11-29 17:51:17,870 basehttp "GET /labels/ HTTP/1.1" 200 13031
INFO 2025-11-29 17:51:26,099 basehttp "GET /analytics/ HTTP/1.1" 200 17490
INFO 2025-11-29 17:51:29,819 basehttp "GET /notifications/ HTTP/1.1" 200 10649
INFO 2025-11-29 17:51:32,645 basehttp "GET / HTTP/1.1" 200 22001
INFO 2025-11-29 17:51:36,217 basehttp "GET /issues/?status=open HTTP/1.1" 200 10866
INFO 2025-11-29 17:51:37,817 basehttp "GET /issues/?assignee=me HTTP/1.1" 200 10866
INFO 2025-11-29 17:51:39,220 basehttp "GET /issues/?status=open HTTP/1.1" 200 10866
INFO 2025-11-29 17:51:43,507 basehttp "GET /labels/ HTTP/1.1" 200 13031
INFO 2025-11-29 18:10:14,971 basehttp "GET / HTTP/1.1" 200 22001
INFO 2025-11-29 18:10:23,983 basehttp "GET /logout/ HTTP/1.1" 302 0
INFO 2025-11-29 18:10:24,010 basehttp "GET /login/ HTTP/1.1" 200 3604
INFO 2025-11-29 18:10:43,032 basehttp "POST /login/ HTTP/1.1" 200 3817
INFO 2025-11-29 18:41:08,954 autoreload C:\Users\savat\OneDrive\Documents\Issue_Tracker\issue_tracker_app\views.py changed, reloading.
INFO 2025-11-29 18:41:22,291 autoreload Watching for file changes with StatReloader
INFO 2025-11-29 18:41:25,972 basehttp "GET / HTTP/1.1" 302 0
INFO 2025-11-29 18:41:26,091 basehttp "GET /login/?next=/ HTTP/1.1" 200 3605
INFO 2025-11-29 18:48:48,918 autoreload C:\Users\savat\OneDrive\Documents\Issue_Tracker\issue_tracker_app\views.py changed, reloading.
INFO 2025-11-29 18:48:53,173 autoreload Watching for file changes with StatReloader
INFO 2025-11-29 18:50:12,878 autoreload C:\Users\savat\OneDrive\Documents\Issue_Tracker\issue_tracker_app\urls.py changed, reloading.
INFO 2025-11-29 18:50:16,195 autoreload Watching for file changes with StatReloader
INFO 2025-11-29 18:51:50,407 basehttp "POST /login/?next=/ HTTP/1.1" 302 0
INFO 2025-11-29 18:51:51,010 basehttp "GET / HTTP/1.1" 200 22001
INFO 2025-11-29 18:52:02,735 basehttp "GET /settings/ HTTP/1.1" 200 32045
INFO 2025-11-29 18:52:03,123 basehttp "GET /media/avatars/gitim.jpg HTTP/1.1" 304 0
INFO 2025-11-29 18:52:21,810 basehttp "GET / HTTP/1.1" 200 22001
INFO 2025-11-29 18:52:25,757 basehttp "GET /settings/ HTTP/1.1" 200 32045
INFO 2025-11-29 19:36:13,310 autoreload C:\Users\savat\OneDrive\Documents\Issue_Tracker\issue_tracker_app\models.py changed, reloading.
INFO 2025-11-29 19:36:15,064 autoreload Watching for file changes with StatReloader
INFO 2025-11-29 19:36:17,791 basehttp "GET / HTTP/1.1" 200 22001
INFO 2025-11-29 19:38:59,025 autoreload C:\Users\savat\OneDrive\Documents\Issue_Tracker\issue_tracker_app\views.py changed, reloading.
INFO 2025-11-29 19:39:00,606 autoreload Watching for file changes with StatReloader
INFO 2025-11-29 19:39:03,384 autoreload C:\Users\savat\OneDrive\Documents\Issue_Tracker\issue_tracker_app\views.py changed, reloading.
INFO 2025-11-29 19:39:05,085 autoreload Watching for file changes with StatReloader
INFO 2025-11-29 19:39:35,021 basehttp "GET / HTTP/1.1" 200 22001
INFO 2025-11-29 19:39:38,782 basehttp "GET / HTTP/1.1" 200 22001
WARNING 2025-11-29 19:39:40,142 log Not Found: /favicon.ico
WARNING 2025-11-29 19:39:40,143 basehttp "GET /favicon.ico HTTP/1.1" 404 5815
INFO 2025-11-29 19:39:40,491 basehttp "GET / HTTP/1.1" 200 22001
INFO 2025-11-29 19:39:43,661 basehttp "GET /settings/ HTTP/1.1" 200 17237
INFO 2025-11-29 19:40:06,288 basehttp "GET /settings/ HTTP/1.1" 200 31223
INFO 2025-11-29 19:40:06,582 basehttp "GET /media/avatars/gitim.jpg HTTP/1.1" 200 311819
WARNING 2025-11-29 19:40:07,199 log Not Found: /favicon.ico
WARNING 2025-11-29 19:40:07,201 basehttp "GET /favicon.ico HTTP/1.1" 404 5815
INFO 2025-11-29 19:42:21,058 basehttp "GET /settings/ HTTP/1.1" 200 31223
INFO 2025-11-29 20:03:22,012 autoreload Watching for file changes with StatReloader
INFO 2025-11-29 20:03:24,085 basehttp "GET / HTTP/1.1" 200 22001
INFO 2025-11-29 20:03:28,582 basehttp "GET /settings/ HTTP/1.1" 200 31938
INFO 2025-11-29 20:03:28,670 basehttp "GET /media/avatars/gitim.jpg HTTP/1.1" 304 0
INFO 2025-11-29 20:03:53,446 autoreload C:\Users\savat\OneDrive\Documents\Issue_Tracker\issue_tracker_app\views.py changed, reloading.
INFO 2025-11-29 20:03:54,101 autoreload Watching for file changes with StatReloader
INFO 2025-11-29 20:03:54,256 autoreload C:\Users\savat\OneDrive\Documents\Issue_Tracker\issue_tracker_app\views.py changed, reloading.
INFO 2025-11-29 20:03:54,869 autoreload Watching for file changes with StatReloader
INFO 2025-11-29 20:03:55,913 basehttp "GET / HTTP/1.1" 200 22001
INFO 2025-11-29 20:04:08,808 basehttp "GET / HTTP/1.1" 200 22001
WARNING 2025-11-29 20:04:09,310 log Not Found: /favicon.ico
WARNING 2025-11-29 20:04:09,311 basehttp "GET /favicon.ico HTTP/1.1" 404 5815
INFO 2025-11-29 20:04:10,586 basehttp "GET / HTTP/1.1" 200 22001
WARNING 2025-11-29 20:04:11,012 log Not Found: /favicon.ico
WARNING 2025-11-29 20:04:11,013 basehttp "GET /favicon.ico HTTP/1.1" 404 5815
INFO 2025-11-29 20:04:13,249 basehttp "GET /settings/ HTTP/1.1" 200 31223
INFO 2025-11-29 20:04:19,904 autoreload C:\Users\savat\OneDrive\Documents\Issue_Tracker\issue_tracker_app\views.py changed, reloading.
INFO 2025-11-29 20:04:20,030 autoreload C:\Users\savat\OneDrive\Documents\Issue_Tracker\issue_tracker_app\views.py changed, reloading.
INFO 2025-11-29 20:04:20,518 autoreload Watching for file changes with StatReloader
INFO 2025-11-29 20:04:20,652 autoreload Watching for file changes with StatReloader
INFO 2025-11-29 20:04:22,345 basehttp "GET / HTTP/1.1" 200 22001
INFO 2025-11-29 20:04:26,062 basehttp "GET /settings/ HTTP/1.1" 200 32045
WARNING 2025-11-29 20:08:42,329 base Session data corrupted
INFO 2025-11-29 20:08:42,338 basehttp "GET / HTTP/1.1" 302 0
INFO 2025-11-29 20:08:42,393 basehttp "GET /login/?next=/ HTTP/1.1" 200 3605
WARNING 2025-11-29 20:08:42,730 log Not Found: /favicon.ico
WARNING 2025-11-29 20:08:42,731 basehttp "GET /favicon.ico HTTP/1.1" 404 5815
INFO 2025-11-29 20:21:54,392 autoreload C:\Users\savat\OneDrive\Documents\Issue_Tracker\issue_tracker_app\views.py changed, reloading.
INFO 2025-11-29 20:21:54,393 autoreload C:\Users\savat\OneDrive\Documents\Issue_Tracker\issue_tracker_app\views.py changed, reloading.
INFO 2025-11-29 20:21:55,042 autoreload Watching for file changes with StatReloader
INFO 2025-11-29 20:21:55,042 autoreload Watching for file changes with StatReloader
INFO 2025-11-29 20:22:14,098 autoreload C:\Users\savat\OneDrive\Documents\Issue_Tracker\issue_tracker_app\views.py changed, reloading.
INFO 2025-11-29 20:22:14,107 autoreload C:\Users\savat\OneDrive\Documents\Issue_Tracker\issue_tracker_app\views.py changed, reloading.
INFO 2025-11-29 20:22:14,740 autoreload Watching for file changes with StatReloader
INFO 2025-11-29 20:22:14,740 autoreload Watching for file changes with StatReloader
INFO 2025-11-29 20:22:17,288 autoreload C:\Users\savat\OneDrive\Documents\Issue_Tracker\issue_tracker_app\views.py changed, reloading.
INFO 2025-11-29 20:22:17,288 autoreload C:\Users\savat\OneDrive\Documents\Issue_Tracker\issue_tracker_app\views.py changed, reloading.
INFO 2025-11-29 20:22:17,939 autoreload Watching for file changes with StatReloader
INFO 2025-11-29 20:22:17,939 autoreload Watching for file changes with StatReloader
INFO 2025-11-29 20:22:53,550 autoreload C:\Users\savat\OneDrive\Documents\Issue_Tracker\issue_tracker_app\urls.py changed, reloading.
INFO 2025-11-29 20:22:53,563 autoreload C:\Users\savat\OneDrive\Documents\Issue_Tracker\issue_tracker_app\urls.py changed, reloading.
INFO 2025-11-29 20:22:54,203 autoreload Watching for file changes with StatReloader
INFO 2025-11-29 20:22:54,204 autoreload Watching for file changes with StatReloader
INFO 2025-11-29 20:23:31,873 autoreload C:\Users\savat\OneDrive\Documents\Issue_Tracker\issue_tracker\urls.py changed, reloading.
INFO 2025-11-29 20:23:31,876 autoreload C:\Users\savat\OneDrive\Documents\Issue_Tracker\issue_tracker\urls.py changed, reloading.
INFO 2025-11-29 20:23:32,496 autoreload Watching for file changes with StatReloader
INFO 2025-11-29 20:23:32,496 autoreload Watching for file changes with StatReloader
INFO 2025-11-29 20:23:35,052 autoreload C:\Users\savat\OneDrive\Documents\Issue_Tracker\issue_tracker\urls.py changed, reloading.
INFO 2025-11-29 20:23:35,054 autoreload C:\Users\savat\OneDrive\Documents\Issue_Tracker\issue_tracker\urls.py changed, reloading.
INFO 2025-11-29 20:23:35,725 autoreload Watching for file changes with StatReloader
INFO 2025-11-29 20:23:35,726 autoreload Watching for file changes with StatReloader
INFO 2025-11-29 20:24:30,980 autoreload C:\Users\savat\OneDrive\Documents\Issue_Tracker\issue_tracker\settings.py changed, reloading.
INFO 2025-11-29 20:24:30,985 autoreload C:\Users\savat\OneDrive\Documents\Issue_Tracker\issue_tracker\settings.py changed, reloading.
INFO 2025-11-29 20:24:31,657 autoreload Watching for file changes with StatReloader
INFO 2025-11-29 20:24:31,659 autoreload Watching for file changes with StatReloader
INFO 2025-11-29 20:24:37,263 autoreload C:\Users\savat\OneDrive\Documents\Issue_Tracker\issue_tracker\settings.py changed, reloading.
INFO 2025-11-29 20:24:37,271 autoreload C:\Users\savat\OneDrive\Documents\Issue_Tracker\issue_tracker\settings.py changed, reloading.
INFO 2025-11-29 20:24:38,081 autoreload Watching for file changes with StatReloader
INFO 2025-11-29 20:25:04,470 autoreload C:\Users\savat\OneDrive\Documents\Issue_Tracker\issue_tracker\settings.py changed, reloading.
INFO 2025-11-29 20:25:04,487 autoreload C:\Users\savat\OneDrive\Documents\Issue_Tracker\issue_tracker\settings.py changed, reloading.
INFO 2025-11-29 20:25:05,146 autoreload Watching for file changes with StatReloader
INFO 2025-11-29 20:25:05,148 autoreload Watching for file changes with StatReloader
INFO 2025-11-29 20:37:58,533 autoreload Watching for file changes with StatReloader
INFO 2025-11-29 20:38:00,665 basehttp "GET / HTTP/1.1" 302 0
INFO 2025-11-29 20:38:00,832 basehttp "GET /dashboard/ HTTP/1.1" 200 28377
INFO 2025-11-29 20:38:19,927 basehttp "GET /issues/create/ HTTP/1.1" 200 17681
INFO 2025-11-29 20:38:26,544 basehttp "GET /issues/?assignee=me HTTP/1.1" 200 14393
INFO 2025-11-29 20:38:30,235 basehttp "GET /analytics/ HTTP/1.1" 200 21017
INFO 2025-11-29 20:38:34,760 basehttp "GET /labels/ HTTP/1.1" 200 16558
INFO 2025-11-29 20:38:41,887 basehttp "GET /settings/ HTTP/1.1" 200 35582
INFO 2025-11-29 20:38:41,973 basehttp "GET /media/avatars/gitim.jpg HTTP/1.1" 304 0
INFO 2025-11-29 20:38:50,279 basehttp "GET /logout/ HTTP/1.1" 302 0
INFO 2025-11-29 20:38:50,354 basehttp "GET / HTTP/1.1" 200 23676
INFO 2025-11-29 20:39:14,059 autoreload Watching for file changes with StatReloader
INFO 2025-11-29 20:39:15,516 basehttp "GET / HTTP/1.1" 200 23676
INFO 2025-11-29 20:39:29,766 basehttp "GET /register/ HTTP/1.1" 200 5048
INFO 2025-11-29 20:40:51,523 basehttp "GET /register/ HTTP/1.1" 200 5048
INFO 2025-11-29 20:41:10,151 basehttp "GET /register/ HTTP/1.1" 200 5048
INFO 2025-11-29 20:41:54,690 basehttp "GET /login/ HTTP/1.1" 200 7565
INFO 2025-11-29 20:42:03,670 basehttp "GET /password-reset/ HTTP/1.1" 200 3297
INFO 2025-11-29 20:42:07,738 basehttp "POST /password-reset/ HTTP/1.1" 302 0
INFO 2025-11-29 20:42:07,813 basehttp "GET /password-reset/done/ HTTP/1.1" 200 3646
INFO 2025-11-29 20:42:07,988 basehttp "GET /static/admin/css/base.css HTTP/1.1" 200 21310
INFO 2025-11-29 20:42:07,991 basehttp "GET /static/admin/css/responsive.css HTTP/1.1" 200 18559
INFO 2025-11-29 20:42:07,993 basehttp "GET /static/admin/css/dark_mode.css HTTP/1.1" 200 2929
INFO 2025-11-29 20:42:08,017 basehttp "GET /static/admin/js/theme.js HTTP/1.1" 200 1943
INFO 2025-11-29 20:42:28,647 basehttp "POST /password-reset/ HTTP/1.1" 302 0
INFO 2025-11-29 20:42:28,654 basehttp "GET /password-reset/done/ HTTP/1.1" 200 3646
INFO 2025-11-29 20:42:42,087 basehttp "GET /login/ HTTP/1.1" 200 7565
INFO 2025-11-29 20:42:46,809 basehttp "POST /login/ HTTP/1.1" 302 0
INFO 2025-11-29 20:42:46,902 basehttp "GET /dashboard/ HTTP/1.1" 200 28377
INFO 2025-11-29 20:43:05,033 basehttp "GET /issues/ HTTP/1.1" 200 14393
INFO 2025-11-29 20:43:06,173 basehttp "GET /issues/?assignee=me HTTP/1.1" 200 14393
INFO 2025-11-29 20:43:08,023 basehttp "GET /issues/?status=open HTTP/1.1" 200 14393
INFO 2025-11-29 20:43:09,703 basehttp "GET /labels/ HTTP/1.1" 200 16558
INFO 2025-11-29 20:43:13,445 basehttp "GET /analytics/ HTTP/1.1" 200 21017
INFO 2025-11-29 20:43:17,835 basehttp "GET /notifications/ HTTP/1.1" 200 14176
INFO 2025-11-29 20:43:19,892 basehttp "GET /dashboard/ HTTP/1.1" 200 28377
INFO 2025-11-29 20:43:22,581 basehttp "GET /settings/ HTTP/1.1" 200 35582
INFO 2025-11-29 20:43:55,478 basehttp "GET /logout/ HTTP/1.1" 302 0
INFO 2025-11-29 20:43:55,518 basehttp "GET / HTTP/1.1" 200 23676
INFO 2025-11-29 20:44:15,450 basehttp "GET /login/ HTTP/1.1" 200 7565
INFO 2025-11-29 20:44:19,285 basehttp "POST /login/ HTTP/1.1" 302 0
INFO 2025-11-29 20:44:19,364 basehttp "GET /dashboard/ HTTP/1.1" 200 28377
INFO 2025-11-29 20:44:42,487 basehttp "GET /issues/?assignee=me HTTP/1.1" 200 14393
INFO 2025-11-29 20:44:45,384 basehttp "GET /dashboard/ HTTP/1.1" 200 28377
INFO 2025-11-29 20:52:33,696 autoreload Watching for file changes with StatReloader
INFO 2025-11-29 20:52:38,046 basehttp "GET / HTTP/1.1" 302 0
INFO 2025-11-29 20:52:38,168 basehttp "GET /dashboard/ HTTP/1.1" 200 28377
INFO 2025-11-29 20:53:03,744 basehttp "GET / HTTP/1.1" 302 0
INFO 2025-11-29 20:53:03,862 basehttp "GET /dashboard/ HTTP/1.1" 200 28377
INFO 2025-11-29 20:53:06,530 basehttp "GET /logout/ HTTP/1.1" 302 0
INFO 2025-11-29 20:53:06,535 basehttp "GET / HTTP/1.1" 200 23676
INFO 2025-11-29 20:53:42,393 basehttp "GET /register/ HTTP/1.1" 200 5048
INFO 2025-11-29 20:53:47,564 basehttp "GET /login/ HTTP/1.1" 200 7565
INFO 2025-11-29 20:53:55,479 basehttp "GET /password-reset/ HTTP/1.1" 200 3297
INFO 2025-11-29 20:54:00,168 basehttp "POST /password-reset/ HTTP/1.1" 302 0
INFO 2025-11-29 20:54:00,178 basehttp "GET /password-reset/done/ HTTP/1.1" 200 3646
INFO 2025-11-29 20:54:50,184 basehttp "GET /login/ HTTP/1.1" 200 7565
INFO 2025-11-29 20:54:53,939 basehttp "POST /login/ HTTP/1.1" 302 0
INFO 2025-11-29 20:54:54,038 basehttp "GET /dashboard/ HTTP/1.1" 200 28377
INFO 2025-11-29 20:54:59,627 basehttp "GET /issues/ HTTP/1.1" 200 14393
INFO 2025-11-29 20:55:00,990 basehttp "GET /issues/?assignee=me HTTP/1.1" 200 14393
INFO 2025-11-29 20:55:02,249 basehttp "GET /issues/?status=open HTTP/1.1" 200 14393
INFO 2025-11-29 20:55:03,116 basehttp "GET /labels/ HTTP/1.1" 200 16558
INFO 2025-11-29 20:55:18,670 basehttp "GET /analytics/ HTTP/1.1" 200 21017
INFO 2025-11-29 20:55:29,729 basehttp "GET /notifications/ HTTP/1.1" 200 14176
INFO 2025-11-29 20:55:31,415 basehttp "GET /dashboard/ HTTP/1.1" 200 28377
INFO 2025-11-29 20:55:33,524 basehttp "GET /settings/ HTTP/1.1" 200 35582
INFO 2025-11-29 20:55:47,277 basehttp "POST /settings/ HTTP/1.1" 302 0
INFO 2025-11-29 20:55:47,375 basehttp "GET /settings/ HTTP/1.1" 200 35907
INFO 2025-11-29 20:55:47,472 basehttp "GET /media/avatars/hope.webp HTTP/1.1" 200 7968
INFO 2025-11-29 20:56:23,033 basehttp "GET /issues/export/?reporter=me HTTP/1.1" 200 114
INFO 2025-11-29 20:56:31,209 basehttp "GET /dashboard/ HTTP/1.1" 200 28377
INFO 2025-11-29 20:56:41,858 basehttp "GET /analytics/ HTTP/1.1" 200 21017
INFO 2025-11-29 20:57:16,967 basehttp "GET /labels/ HTTP/1.1" 200 16558
INFO 2025-11-29 20:57:20,008 basehttp "GET /logout/ HTTP/1.1" 302 0
INFO 2025-11-29 20:57:20,012 basehttp "GET / HTTP/1.1" 200 23676
INFO 2025-11-29 20:57:41,284 basehttp "GET /login/ HTTP/1.1" 200 7565
INFO 2025-11-29 20:57:44,302 basehttp "POST /login/ HTTP/1.1" 302 0
INFO 2025-11-29 20:57:44,398 basehttp "GET /dashboard/ HTTP/1.1" 200 28377
INFO 2025-11-29 20:57:46,603 basehttp "GET /labels/ HTTP/1.1" 200 16558
INFO 2025-11-29 20:57:54,880 basehttp "GET /issues/create/ HTTP/1.1" 200 17681
INFO 2025-11-29 20:58:38,229 basehttp "GET /issues/ HTTP/1.1" 200 14393
INFO 2025-11-29 20:58:44,379 basehttp "GET /issues/create/ HTTP/1.1" 200 17681
INFO 2025-11-29 20:59:35,942 basehttp "POST /issues/create/ HTTP/1.1" 302 0
INFO 2025-11-29 20:59:36,058 basehttp "GET /issues/5/ HTTP/1.1" 200 14703
INFO 2025-11-29 21:04:45,267 basehttp "GET /dashboard/ HTTP/1.1" 200 31838
INFO 2025-11-29 21:05:33,536 basehttp "GET /notifications/ HTTP/1.1" 200 14176
INFO 2025-11-29 21:05:36,693 basehttp "GET /dashboard/ HTTP/1.1" 200 31838
INFO 2025-11-29 21:05:39,088 basehttp "GET /issues/?assignee=me HTTP/1.1" 200 14393
INFO 2025-11-29 21:05:45,063 basehttp "GET /dashboard/ HTTP/1.1" 200 31838
INFO 2025-11-29 21:06:32,114 basehttp "GET /labels/ HTTP/1.1" 200 16558
INFO 2025-11-29 21:06:47,955 basehttp "POST /labels/ HTTP/1.1" 302 0
INFO 2025-11-29 21:06:48,050 basehttp "GET /labels/ HTTP/1.1" 200 17509
INFO 2025-11-29 21:06:57,662 basehttp "GET /issues/create/ HTTP/1.1" 200 17828
INFO 2025-11-29 21:07:06,149 basehttp "GET /issues/?status=open HTTP/1.1" 200 14960
INFO 2025-11-29 21:08:16,262 basehttp "GET /dashboard/ HTTP/1.1" 200 31838
INFO 2025-11-29 21:09:50,319 basehttp "GET /notifications/ HTTP/1.1" 200 14176
INFO 2025-11-29 21:10:24,699 basehttp "GET /analytics/ HTTP/1.1" 200 21383
INFO 2025-11-29 21:10:29,052 basehttp "GET /issues/?assignee=me HTTP/1.1" 200 14393
INFO 2025-11-29 21:10:31,588 basehttp "GET /dashboard/ HTTP/1.1" 200 31842
INFO 2025-11-29 21:10:35,001 basehttp "GET /notifications/ HTTP/1.1" 200 14176
INFO 2025-11-29 21:10:40,653 basehttp "GET /dashboard/ HTTP/1.1" 200 31842
INFO 2025-11-29 21:12:37,897 basehttp "GET /issues/5/ HTTP/1.1" 200 14377
INFO 2025-11-29 21:12:40,757 basehttp "GET /dashboard/ HTTP/1.1" 200 31842
INFO 2025-11-29 21:12:50,732 basehttp "GET /labels/ HTTP/1.1" 200 17169
INFO 2025-11-29 21:14:21,426 basehttp "GET /notifications/ HTTP/1.1" 200 14176
INFO 2025-11-29 21:17:35,904 basehttp "GET /issues/create/ HTTP/1.1" 200 17828
INFO 2025-11-29 21:19:50,063 basehttp "GET /logout/ HTTP/1.1" 302 0
INFO 2025-11-29 21:19:50,068 basehttp "GET / HTTP/1.1" 200 23676
INFO 2025-11-29 21:19:51,655 basehttp "GET /login/ HTTP/1.1" 200 7565
INFO 2025-11-29 21:20:02,380 basehttp "POST /login/ HTTP/1.1" 200 7746
INFO 2025-11-29 21:20:25,255 basehttp "POST /login/ HTTP/1.1" 200 7746
INFO 2025-11-29 21:20:29,195 basehttp "GET /register/ HTTP/1.1" 200 5048
INFO 2025-11-29 21:20:54,116 basehttp "POST /register/ HTTP/1.1" 200 5269
INFO 2025-11-29 21:21:12,847 basehttp "POST /register/ HTTP/1.1" 302 0
INFO 2025-11-29 21:21:12,934 basehttp "GET /dashboard/ HTTP/1.1" 200 28848
INFO 2025-11-29 21:21:19,798 basehttp "GET /issues/create/ HTTP/1.1" 200 17861
INFO 2025-11-29 21:29:36,639 basehttp "GET /dashboard/ HTTP/1.1" 200 28501
INFO 2025-11-29 21:39:01,214 basehttp "GET /issues/create/ HTTP/1.1" 200 17861
INFO 2025-11-29 21:40:12,183 basehttp "GET /issues/?assignee=me HTTP/1.1" 200 14390
INFO 2025-11-29 21:40:14,548 basehttp "GET /issues/ HTTP/1.1" 200 14958
INFO 2025-11-29 21:40:20,220 basehttp "GET /issues/?assignee=me HTTP/1.1" 200 14390
INFO 2025-11-29 21:40:25,993 basehttp "GET /issues/ HTTP/1.1" 200 14958
INFO 2025-11-29 21:48:54,898 basehttp "GET /dashboard/ HTTP/1.1" 200 28501
INFO 2025-11-29 21:49:36,700 basehttp "GET /issues/?status=open HTTP/1.1" 200 14958
INFO 2025-11-29 21:49:47,092 basehttp "GET /dashboard/ HTTP/1.1" 200 28501
INFO 2025-11-29 21:51:09,556 basehttp "GET /labels/ HTTP/1.1" 200 17166
INFO 2025-11-29 21:51:17,395 basehttp "GET /analytics/ HTTP/1.1" 200 21380
INFO 2025-11-29 21:51:21,684 basehttp "GET /labels/ HTTP/1.1" 200 17166
INFO 2025-11-29 21:52:03,288 basehttp "GET /issues/ HTTP/1.1" 200 14958
INFO 2025-11-29 21:52:46,497 basehttp "GET /analytics/ HTTP/1.1" 200 21380
